<?xml version="1.0" encoding="UTF-8"?>
<!-- Generated by org.testng.reporters.JUnitReportReporter -->
<testsuite hostname="DESKTOP-UAIVD5B" failures="0" tests="4" name="com.Api.GitHub.Runner.RunnerTest" time="7.146" errors="0" timestamp="2023-08-24T21:11:36 IST" skipped="0">
  <testcase classname="com.Api.GitHub.Runner.RunnerTest" name="runScenario" time="0.776"/>
  <system-out/>
  <testcase classname="com.Api.GitHub.Runner.RunnerTest" name="runScenario" time="0.712"/>
  <system-out/>
  <testcase classname="com.Api.GitHub.Runner.RunnerTest" name="runScenario" time="5.151"/>
  <system-out/>
  <testcase classname="com.Api.GitHub.Runner.RunnerTest" name="runScenario" time="0.507"/>
  <system-out/>
</testsuite> <!-- com.Api.GitHub.Runner.RunnerTest -->
