<?xml version="1.0" encoding="UTF-8"?>
<!-- Generated by org.testng.reporters.JUnitReportReporter -->
<testsuite hostname="DESKTOP-UAIVD5B" failures="0" tests="1" name="com.Api.GitHub.Runner.RunnerTest" time="6.151" errors="0" timestamp="2023-08-19T21:57:32 IST" skipped="0">
  <testcase classname="com.Api.GitHub.Runner.RunnerTest" name="runScenario" time="6.151"/>
  <system-out/>
</testsuite> <!-- com.Api.GitHub.Runner.RunnerTest -->
